[debug] [2022-09-24T11:11:38.019Z] : 
[debug] [2022-09-24T11:11:38.020Z] : ----------------------------------------------------------------------
[debug] [2022-09-24T11:11:38.020Z] : Command:      C:\Program Files\nodejs\node.exe C:\Users\Sanjay A\AppData\Roaming\npm\node_modules\zcatalyst-cli\lib\bin\catalyst.js serve
[debug] [2022-09-24T11:11:38.020Z] : CLI Version:  1.13.3
[debug] [2022-09-24T11:11:38.021Z] : Platform:     win32
[debug] [2022-09-24T11:11:38.021Z] : Node Version: v16.16.0
[debug] [2022-09-24T11:11:38.022Z] : Time:         Sat Sep 24 2022 16:41:38 GMT+0530 (India Standard Time)
[debug] [2022-09-24T11:11:38.024Z] : ----------------------------------------------------------------------
[debug] [2022-09-24T11:11:38.024Z] : 
[debug] [2022-09-24T11:11:38.962Z] : > authorizing via signed-in user option
[debug] [2022-09-24T11:11:38.962Z] : > command requires scopes: ["ZohoCatalyst.projects.ALL","ZohoCatalyst.functions.ALL","ZohoCatalyst.functions.EXECUTE","ZohoCatalyst.webapp.ALL"]
[debug] [2022-09-24T11:11:38.971Z] : > refreshing access token <
[debug] [2022-09-24T11:11:38.972Z] : >>>> HTTP REQUEST : POST https://accounts.zoho.in/oauth/v2/token 
<request body omitted>

[debug] [2022-09-24T11:11:39.125Z] : <<<< HTTP RESPONSE : 200
Response Headers: {"server":"ZGS","date":"Sat, 24 Sep 2022 11:11:43 GMT","content-type":"application/json;charset=UTF-8","content-length":"168","connection":"close","set-cookie":["6e73717622=94da0c17b67b4320ada519c299270f95; Path=/","iamcsr=d509e8a6-bb53-4e8e-b367-efa8993f4972;path=/;SameSite=None;Secure;priority=high","_zcsr_tmp=d509e8a6-bb53-4e8e-b367-efa8993f4972;path=/;SameSite=Strict;Secure;priority=high"],"x-content-type-options":"nosniff","x-xss-protection":"1","x-frame-options":"SAMEORIGIN","content-language":"en-US","strict-transport-security":"max-age=63072000"}

[debug] [2022-09-24T11:11:39.139Z] : >>>> HTTP REQUEST : GET https://api.catalyst.zoho.in/baas/v1/project/3179000000002013 

[debug] [2022-09-24T11:11:42.373Z] : <<<< HTTP RESPONSE : 200
Response Headers: {"server":"ZGS","date":"Sat, 24 Sep 2022 11:11:46 GMT","content-type":"application/vnd.catalyst.v2+json","transfer-encoding":"chunked","connection":"close","set-cookie":["3a750b85f1=99131cfabfda186b4fe68a16fb8fedd6; Path=/","ZD_CSRF_TOKEN=b684bcce-f732-49e1-a7df-879f4aeaea5f;path=/;SameSite=None;Secure;priority=high","_zcsr_tmp=b684bcce-f732-49e1-a7df-879f4aeaea5f;path=/;SameSite=Strict;Secure;priority=high"],"x-content-type-options":"nosniff","x-xss-protection":"1","pragma":"no-cache","cache-control":"private,no-cache,no-store,max-age=0,must-revalidate","expires":"Thu, 01 Jan 1970 00:00:00 GMT","x-frame-options":"DENY","strict-transport-security":"max-age=63072000"}

[debug] [2022-09-24T11:11:42.375Z] : >>>> HTTP REQUEST : GET https://api.catalyst.zoho.in/baas/v1/project/3179000000002013/environment 

[debug] [2022-09-24T11:11:42.495Z] : <<<< HTTP RESPONSE : 200
Response Headers: {"server":"ZGS","date":"Sat, 24 Sep 2022 11:11:46 GMT","content-type":"application/vnd.catalyst.v2+json","transfer-encoding":"chunked","connection":"close","set-cookie":["3a750b85f1=99131cfabfda186b4fe68a16fb8fedd6; Path=/","ZD_CSRF_TOKEN=d60e0297-1cb1-4cd7-8724-fcc09e85a33e;path=/;SameSite=None;Secure;priority=high","_zcsr_tmp=d60e0297-1cb1-4cd7-8724-fcc09e85a33e;path=/;SameSite=Strict;Secure;priority=high"],"x-content-type-options":"nosniff","x-xss-protection":"1","pragma":"no-cache","cache-control":"private,no-cache,no-store,max-age=0,must-revalidate","expires":"Thu, 01 Jan 1970 00:00:00 GMT","x-frame-options":"DENY","strict-transport-security":"max-age=63072000"}

[debug] [2022-09-24T11:11:42.715Z] : http port : '3000' is not available. Hence port '3001' will be used instead.
[debug] [2022-09-24T11:11:42.723Z] : >>>> HTTP REQUEST : GET https://api.catalyst.zoho.in/baas/v1/project/3179000000002013/function 
Query params: {"type":"basicio,event,cron,applogic,integration"}

[debug] [2022-09-24T11:11:42.735Z] : http port : '3030' is not available. Hence port '3032' will be used instead.
[debug] [2022-09-24T11:11:42.825Z] : <<<< HTTP RESPONSE : 200
Response Headers: {"server":"ZGS","date":"Sat, 24 Sep 2022 11:11:47 GMT","content-type":"application/vnd.catalyst.v2+json","transfer-encoding":"chunked","connection":"close","set-cookie":["3a750b85f1=7c58023b2365c117e2ff9b6feb09efa2; Path=/","ZD_CSRF_TOKEN=bd203250-8f52-40c9-9912-6007f293a47a;path=/;SameSite=None;Secure;priority=high","_zcsr_tmp=bd203250-8f52-40c9-9912-6007f293a47a;path=/;SameSite=Strict;Secure;priority=high"],"x-content-type-options":"nosniff","x-xss-protection":"1","pragma":"no-cache","cache-control":"private,no-cache,no-store,max-age=0,must-revalidate","expires":"Thu, 01 Jan 1970 00:00:00 GMT","x-frame-options":"DENY","strict-transport-security":"max-age=63072000"}

[debug] [2022-09-24T11:11:42.830Z] : unknown eol undefined hence skipping check
[debug] [2022-09-24T11:11:42.845Z] : http port : '3010' is not available. Hence port '3011' will be used instead.
[info] [2022-09-24T11:11:42.880Z] : i server[unified_patient_portal_function]: URL : http://localhost:3001/server/unified_patient_portal_function/
[info] [2022-09-24T11:11:42.880Z] : 
[info] [2022-09-24T11:11:43.034Z] : i client[sampleApp]: URL : http://localhost:3001/app/
[error] [2022-09-24T11:12:14.011Z] : × Unable to serve the requested file: D:\UPPV5\UPPV5\UnifiedPatientPortal\client\ext.jpg
[debug] [2022-09-24T11:12:14.011Z] : Error: ENOENT: no such file or directory, stat 'D:\UPPV5\UPPV5\UnifiedPatientPortal\client\ext.jpg'
